0 564879360 536122219 0.0509 0.0000 129 0 0 35 88547 88547 35 107.72
0 564879360 537209767 0.0490 0.0000 130 1 0 27 68781 68781 27 107.72
0 564879360 538156265 0.0473 0.0000 130 0 0 25 60853 60853 25 107.72
0 564879360 539069002 0.0457 0.0000 130 0 0 25 53889 53889 25 107.71
0 564879360 540046238 0.0440 0.0000 131 1 0 19 48667 48667 19 107.72
0 564879360 541141711 0.0420 0.0000 131 1 0 17 44493 44493 17 107.72
0 564879360 541803862 0.0409 0.0000 131 1 0 14 40916 40916 14 107.72
0 564879360 542452847 0.0397 0.0000 131 0 0 16 37934 37934 16 107.72
0 564879360 543275852 0.0382 0.0000 131 0 0 18 35426 35426 18 107.72
0 564879360 544173663 0.0367 0.0000 132 1 0 15 33193 33193 15 107.71
0 564879360 543283871 0.0382 0.0000 131 0 0 19 44236 44236 19 107.72
0 564879360 543028059 0.0387 0.0000 131 0 0 18 44175 44175 18 107.72
0 564879360 542986624 0.0388 0.0000 131 0 0 18 44164 44164 18 107.72
0 564879360 542986624 0.0388 0.0000 131 0 0 18 44164 44164 18 107.72
0 564879360 542986624 0.0388 0.0000 131 0 0 18 44164 44164 18 107.72
0 564879360 542986624 0.0388 0.0000 131 0 0 18 44164 44164 18 107.72
0 564879360 542986624 0.0388 0.0000 131 0 0 18 44164 44164 18 107.72
0 564879360 542986624 0.0388 0.0000 131 0 0 18 44164 44164 18 107.72
0 564879360 542986624 0.0388 0.0000 131 0 0 18 44164 44164 18 107.72
0 564879360 542986624 0.0388 0.0000 131 0 0 18 44164 44164 18 107.71
0 817930240 802789882 0.0185 0.0000 194 1 0 28 134624 134624 28 155.96
0 817930240 802417629 0.0190 0.0000 194 1 0 25 105903 105903 25 155.98
0 817930240 802613264 0.0187 0.0000 194 1 0 26 94438 94438 26 155.96
0 817930240 803403746 0.0178 0.0000 194 1 0 23 83663 83663 23 155.96
0 817930240 803875291 0.0172 0.0000 194 1 0 21 75430 75430 21 155.97
0 817930240 804514497 0.0164 0.0000 194 0 0 20 68658 68658 20 155.97
0 817930240 804928051 0.0159 0.0000 194 0 0 21 63135 63135 21 155.96
0 817930240 805408963 0.0153 0.0000 194 0 0 16 58420 58420 16 155.97
0 817930240 805959289 0.0146 0.0000 195 1 0 16 54350 54350 16 155.97
0 817930240 806274104 0.0143 0.0000 195 1 0 15 50840 50840 15 155.97
0 817930240 805790152 0.0148 0.0000 194 0 0 18 68195 68195 18 155.97
0 817930240 805546127 0.0151 0.0000 194 0 0 17 68130 68130 17 155.97
0 817930240 805546127 0.0151 0.0000 194 0 0 17 68126 68126 17 155.97
0 817930240 805546127 0.0151 0.0000 194 0 0 17 68126 68126 17 155.98
0 817930240 805546127 0.0151 0.0000 194 0 0 17 68126 68126 17 155.98
0 817930240 805546127 0.0151 0.0000 194 0 0 17 68126 68126 17 155.97
0 817930240 805546127 0.0151 0.0000 194 0 0 17 68126 68126 17 155.97
0 817930240 805546127 0.0151 0.0000 194 0 0 17 68126 68126 17 155.97
0 817930240 805546127 0.0151 0.0000 194 0 0 17 68126 68126 17 155.96
0 817930240 805546127 0.0151 0.0000 194 0 0 17 68126 68126 17 155.97
0 817930240 811356093 0.0080 0.0000 196 1 0 18 72752 72752 18 155.97
0 817930240 811270059 0.0081 0.0000 196 1 0 17 72675 72675 17 155.99
0 817930240 811270059 0.0081 0.0000 196 1 0 16 72664 72664 16 155.99
0 817930240 811270059 0.0081 0.0000 196 1 0 16 72664 72664 16 155.98
0 817930240 811270059 0.0081 0.0000 196 1 0 16 72664 72664 16 155.97
0 817930240 811270059 0.0081 0.0000 196 1 0 16 72664 72664 16 155.98
0 817930240 811270059 0.0081 0.0000 196 1 0 16 72664 72664 16 155.98
0 817930240 811270059 0.0081 0.0000 196 1 0 16 72664 72664 16 155.98
0 817930240 811270059 0.0081 0.0000 196 1 0 16 72664 72664 16 155.98
0 817930240 811270059 0.0081 0.0000 196 1 0 16 72664 72664 16 155.98
0 3000000000 2792545792 0.0692 0.0000 672 0 0 1 479054 479054 1 286.05
0 3000000000 2799246848 0.0669 0.0000 674 1 0 1 390074 390074 1 286.06
0 3000000000 2812632576 0.0625 0.0000 677 0 0 1 355882 355882 1 286.06
0 3000000000 2839436800 0.0535 0.0000 684 1 0 1 314837 314837 1 286.05
0 3000000000 2919489024 0.0268 0.0000 704 1 0 1 282327 282327 1 286.05
0 3000000000 2893045248 0.0357 0.0000 697 0 0 1 255961 255961 1 286.06
0 3000000000 2999672320 0.0001 0.0000 723 0 0 1 234303 234303 1 286.05
0 3000000000 2999606784 0.0001 0.0000 725 1 0 1 216017 216017 1 286.06
0 3000000000 2999541248 0.0002 0.0000 725 1 0 1 200305 200305 1 286.05
0 3000000000 3000000000 0.0000 0.0000 725 0 0 0 186327 186327 0 286.06
0 3000000000 2839436800 0.0535 0.0000 684 1 0 1 237141 237141 1 143.04
0 3000000000 2839436800 0.0535 0.0000 684 1 0 1 236960 236960 1 143.04
0 3000000000 2839436800 0.0535 0.0000 684 1 0 1 236872 236872 1 143.04
0 3000000000 2839436800 0.0535 0.0000 684 1 0 1 236872 236872 1 143.04
0 3000000000 2839436800 0.0535 0.0000 684 1 0 1 236872 236872 1 143.04
0 3000000000 2839436800 0.0535 0.0000 684 1 0 1 236872 236872 1 143.04
0 3000000000 2839436800 0.0535 0.0000 684 1 0 1 236872 236872 1 143.04
0 3000000000 2839436800 0.0535 0.0000 684 1 0 1 236872 236872 1 143.04
0 3000000000 2839436800 0.0535 0.0000 684 1 0 1 236872 236872 1 143.04
0 3000000000 2839436800 0.0535 0.0000 684 1 0 1 236872 236872 1 143.04
0 3000000000 2792632832 0.0691 0.0000 673 1 0 1 216770 216770 1 286.06
0 3000000000 2792632832 0.0691 0.0000 673 1 0 1 216461 216461 1 286.05
0 3000000000 2792632832 0.0691 0.0000 673 1 0 1 216426 216426 1 286.06
0 3000000000 2792632832 0.0691 0.0000 673 1 0 1 216426 216426 1 286.05
0 3000000000 2792632832 0.0691 0.0000 673 1 0 1 216426 216426 1 286.07
0 3000000000 2792632832 0.0691 0.0000 673 1 0 1 216426 216426 1 286.07
0 3000000000 2792632832 0.0691 0.0000 673 1 0 1 216426 216426 1 286.07
0 3000000000 2792632832 0.0691 0.0000 673 1 0 1 216426 216426 1 286.06
0 3000000000 2792632832 0.0691 0.0000 673 1 0 1 216426 216426 1 286.06
0 3000000000 2792632832 0.0691 0.0000 673 1 0 1 216426 216426 1 286.06
0 2800568320 2800568320 0.0000 0.0000 674 0 0 0 479755 479755 0 267.04
0 2800568320 2800568320 0.0000 0.0000 674 0 0 0 389762 389762 0 267.05
0 2800568320 2800568320 0.0000 0.0000 674 0 0 0 355397 355397 0 267.03
0 2800568320 2800568320 0.0000 0.0000 674 0 0 0 314271 314271 0 267.04
0 2800568320 2800568320 0.0000 0.0000 674 0 0 0 281835 281835 0 267.05
0 2800568320 2800568320 0.0000 0.0000 674 0 0 0 255339 255339 0 267.03
0 2800568320 2800568320 0.0000 0.0000 675 1 0 0 233573 233573 0 267.04
0 2800568320 2800568320 0.0000 0.0000 675 1 0 0 215385 215385 0 267.04
0 2800568320 2800568320 0.0000 0.0000 675 1 0 0 199661 199661 0 533.98
0 2800568320 2800568320 0.0000 0.0000 675 1 0 0 185983 185983 0 534.00
0 2800568320 2800568320 0.0000 0.0000 674 0 0 0 237151 237151 0 178.04
0 2800568320 2800568320 0.0000 0.0000 674 0 0 0 236967 236967 0 178.04
0 2800568320 2800568320 0.0000 0.0000 674 0 0 0 236964 236964 0 178.03
0 2800568320 2800568320 0.0000 0.0000 674 0 0 0 236964 236964 0 178.03
0 2800568320 2800568320 0.0000 0.0000 674 0 0 0 236964 236964 0 178.04
0 2800568320 2800568320 0.0000 0.0000 674 0 0 0 236964 236964 0 178.04
0 2800568320 2800568320 0.0000 0.0000 674 0 0 0 236964 236964 0 178.03
0 2800568320 2800568320 0.0000 0.0000 674 0 0 0 236964 236964 0 178.04
0 2800568320 2800568320 0.0000 0.0000 674 0 0 0 236964 236964 0 178.04
0 2800568320 2800568320 0.0000 0.0000 674 0 0 0 236964 236964 0 178.04
0 2800568320 2800568320 0.0000 0.0000 675 1 0 0 225544 225544 0 267.05
0 2800568320 2800568320 0.0000 0.0000 675 1 0 0 225269 225269 0 267.04
0 2800568320 2800568320 0.0000 0.0000 675 1 0 0 225242 225242 0 267.04
0 2800568320 2800568320 0.0000 0.0000 675 1 0 0 225242 225242 0 267.05
0 2800568320 2800568320 0.0000 0.0000 675 1 0 0 225242 225242 0 267.05
0 2800568320 2800568320 0.0000 0.0000 675 1 0 0 225242 225242 0 267.06
0 2800568320 2800568320 0.0000 0.0000 675 1 0 0 225242 225242 0 267.05
0 2800568320 2800568320 0.0000 0.0000 675 1 0 0 225242 225242 0 267.05
0 2800568320 2800568320 0.0000 0.0000 675 1 0 0 225242 225242 0 267.04
0 2800568320 2800568320 0.0000 0.0000 675 1 0 0 225242 225242 0 267.04
0 564879360 536122219 0.0509 0.0000 129 0 0 35 88547 88547 35 107.72
0 564879360 537209767 0.0490 0.0000 130 1 0 27 68781 68781 27 107.72
0 564879360 538156265 0.0473 0.0000 130 0 0 25 60853 60853 25 107.72
0 564879360 539069002 0.0457 0.0000 130 0 0 25 53889 53889 25 107.71
0 564879360 540046238 0.0440 0.0000 131 1 0 19 48667 48667 19 107.72
0 564879360 541141711 0.0420 0.0000 131 1 0 17 44493 44493 17 107.71
0 564879360 541803862 0.0409 0.0000 131 1 0 14 40916 40916 14 107.71
0 564879360 542452847 0.0397 0.0000 131 0 0 16 37934 37934 16 107.72
0 564879360 543275852 0.0382 0.0000 131 0 0 18 35426 35426 18 107.71
0 564879360 544173663 0.0367 0.0000 132 1 0 15 33193 33193 15 107.72
0 564879360 543283871 0.0382 0.0000 131 0 0 19 44236 44236 19 107.71
0 564879360 543028059 0.0387 0.0000 131 0 0 18 44175 44175 18 107.72
0 564879360 542986624 0.0388 0.0000 131 0 0 18 44164 44164 18 107.72
0 564879360 542986624 0.0388 0.0000 131 0 0 18 44164 44164 18 107.71
0 564879360 542986624 0.0388 0.0000 131 0 0 18 44164 44164 18 107.72
0 564879360 542986624 0.0388 0.0000 131 0 0 18 44164 44164 18 107.71
0 564879360 542986624 0.0388 0.0000 131 0 0 18 44164 44164 18 107.71
0 564879360 542986624 0.0388 0.0000 131 0 0 18 44164 44164 18 107.72
0 564879360 542986624 0.0388 0.0000 131 0 0 18 44164 44164 18 107.72
0 564879360 542986624 0.0388 0.0000 131 0 0 18 44164 44164 18 107.72
0 564879360 541082090 0.0421 0.0000 131 1 0 19 46750 46750 19 107.72
0 564879360 540858627 0.0425 0.0000 131 1 0 17 46680 46680 17 107.72
0 564879360 540858627 0.0425 0.0000 131 1 0 17 46675 46675 17 107.72
0 564879360 540858627 0.0425 0.0000 131 1 0 17 46675 46675 17 107.72
0 564879360 540858627 0.0425 0.0000 131 1 0 17 46675 46675 17 107.72
0 564879360 540858627 0.0425 0.0000 131 1 0 17 46675 46675 17 107.73
0 564879360 540858627 0.0425 0.0000 131 1 0 17 46675 46675 17 107.72
0 564879360 540858627 0.0425 0.0000 131 1 0 17 46675 46675 17 107.72
0 564879360 540858627 0.0425 0.0000 131 1 0 17 46675 46675 17 107.72
0 564879360 540858627 0.0425 0.0000 131 1 0 17 46675 46675 17 107.72
0 1626669056 1453289864 0.1066 0.0000 350 0 0 164 238097 238097 164 155.11
0 1626669056 1456907320 0.1044 0.0000 351 0 0 148 184155 184155 148 155.11
0 1626669056 1462701731 0.1008 0.0000 353 1 0 136 163392 163392 136 310.18
0 1626669056 1467159046 0.0981 0.0000 354 1 0 130 145072 145072 130 310.19
0 1626669056 1472765054 0.0946 0.0000 355 0 0 119 131357 131357 119 310.20
0 1626669056 1477435438 0.0917 0.0000 356 0 0 115 119939 119939 115 310.17
0 1626669056 1482028372 0.0889 0.0000 358 1 0 116 110297 110297 116 310.18
0 1626669056 1485844589 0.0866 0.0000 358 0 0 103 102574 102574 103 310.17
0 1626669056 1489616873 0.0843 0.0000 359 0 0 104 96003 96003 104 310.20
0 1626669056 1493342803 0.0820 0.0000 360 0 0 98 89888 89888 98 310.17
0 1626669056 1483858595 0.0878 0.0000 358 1 0 116 116983 116983 116 155.10
0 1626669056 1481742046 0.0891 0.0000 357 0 0 117 116687 116687 117 155.11
0 1626669056 1481457624 0.0893 0.0000 357 0 0 115 116651 116651 115 155.11
0 1626669056 1481457624 0.0893 0.0000 357 0 0 115 116648 116648 115 155.11
0 1626669056 1481457624 0.0893 0.0000 357 0 0 115 116648 116648 115 155.11
0 1626669056 1481457624 0.0893 0.0000 357 0 0 115 116648 116648 115 155.11
0 1626669056 1481457624 0.0893 0.0000 357 0 0 115 116648 116648 115 155.11
0 1626669056 1481457624 0.0893 0.0000 357 0 0 115 116648 116648 115 155.11
0 1626669056 1481457624 0.0893 0.0000 357 0 0 115 116648 116648 115 155.11
0 1626669056 1481457624 0.0893 0.0000 357 0 0 115 116648 116648 115 155.11
0 1626669056 1497086498 0.0797 0.0000 361 1 0 106 121538 121538 106 310.19
0 1626669056 1496176339 0.0802 0.0000 361 1 0 108 121310 121310 108 310.20
0 1626669056 1495891888 0.0804 0.0000 361 1 0 108 121253 121253 108 310.18
0 1626669056 1495832133 0.0804 0.0000 361 1 0 107 121235 121235 107 310.17
0 1626669056 1495832133 0.0804 0.0000 361 1 0 107 121235 121235 107 310.21
0 1626669056 1495832133 0.0804 0.0000 361 1 0 107 121232 121232 107 310.19
0 1626669056 1495832133 0.0804 0.0000 361 1 0 107 121231 121231 107 310.19
0 1626669056 1495832133 0.0804 0.0000 361 1 0 107 121231 121231 107 310.18
0 1626669056 1495832133 0.0804 0.0000 361 1 0 107 121231 121231 107 310.20
0 1626669056 1495832133 0.0804 0.0000 361 1 0 107 121231 121231 107 310.20
0 3000000000 2767157130 0.0776 0.0000 666 1 0 588 433779 433779 588 190.71
0 3000000000 2781046552 0.0730 0.0000 670 1 0 597 321216 321216 597 190.72
0 3000000000 2789452130 0.0702 0.0000 672 0 0 564 275574 275574 564 286.06
0 3000000000 2801878400 0.0660 0.0000 675 0 0 500 243366 243366 500 286.04
0 3000000000 2812235114 0.0626 0.0000 678 1 0 486 221539 221539 486 286.06
0 3000000000 2822737028 0.0591 0.0000 681 1 0 466 202849 202849 466 286.06
0 3000000000 2832786609 0.0557 0.0000 684 1 0 434 187908 187908 434 286.06
0 3000000000 2841016439 0.0530 0.0000 685 0 0 416 175460 175460 416 286.06
0 3000000000 2848704066 0.0504 0.0000 687 0 0 397 164842 164842 397 286.06
0 3000000000 2857398248 0.0475 0.0000 690 1 0 375 154892 154892 375 286.05
0 3000000000 2839615553 0.0535 0.0000 684 0 0 397 208269 208269 397 143.04
0 3000000000 2838195175 0.0539 0.0000 684 1 0 400 207904 207904 400 143.04
0 3000000000 2837732908 0.0541 0.0000 684 1 0 399 207815 207815 399 143.04
0 3000000000 2837404709 0.0542 0.0000 684 1 0 396 207777 207777 396 143.04
0 3000000000 2837404709 0.0542 0.0000 684 1 0 396 207777 207777 396 143.04
0 3000000000 2837404709 0.0542 0.0000 684 1 0 396 207777 207777 396 143.04
0 3000000000 2837404709 0.0542 0.0000 684 1 0 396 207777 207777 396 143.04
0 3000000000 2837404709 0.0542 0.0000 684 1 0 396 207777 207777 396 143.04
0 3000000000 2837404709 0.0542 0.0000 684 1 0 396 207777 207777 396 143.04
0 3000000000 2837404709 0.0542 0.0000 684 1 0 396 207777 207777 396 143.04
0 3000000000 2812334488 0.0626 0.0000 678 1 0 420 240291 240291 420 286.07
0 3000000000 2810511512 0.0632 0.0000 677 0 0 414 239816 239816 414 286.06
0 3000000000 2809991687 0.0633 0.0000 677 0 0 417 239739 239739 417 286.08
0 3000000000 2809991687 0.0633 0.0000 677 0 0 417 239735 239735 417 286.06
0 3000000000 2809991687 0.0633 0.0000 677 0 0 418 239734 239734 418 286.07
0 3000000000 2809991687 0.0633 0.0000 677 0 0 418 239732 239732 418 286.06
0 3000000000 2809991687 0.0633 0.0000 677 0 0 418 239732 239732 418 286.08
0 3000000000 2809991687 0.0633 0.0000 677 0 0 418 239732 239732 418 286.06
0 3000000000 2809991687 0.0633 0.0000 677 0 0 419 239731 239731 419 286.06
0 3000000000 2809991687 0.0633 0.0000 677 0 0 419 239730 239730 419 286.07
0 2890680320 1607787748 0.4438 0.0000 387 0 0 5389 250566 250566 5389 183.77
0 2890680320 1766818324 0.3888 0.0000 426 1 0 2545 192648 192648 2545 275.64
0 2890680320 1813999816 0.3725 0.0000 437 0 0 1706 167850 167850 1706 275.64
0 2890680320 1848394535 0.3606 0.0000 445 0 0 1749 159892 159892 1749 275.63
0 2890680320 1888953947 0.3465 0.0000 455 0 0 1656 153861 153861 1656 275.63
0 2890680320 1952871059 0.3244 0.0000 471 1 0 1570 148176 148176 1570 275.64
0 2890680320 1977247830 0.3160 0.0000 477 1 0 1518 138743 138743 1518 275.64
0 2890680320 2107557414 0.2709 0.0000 508 0 0 1365 139830 139830 1365 275.64
0 2890680320 2052658428 0.2899 0.0000 495 1 0 914 129132 129132 914 275.64
0 2890680320 2260034680 0.2182 0.0000 545 1 0 1119 130235 130235 1119 275.63
0 2890680320 1965581779 0.3200 0.0000 474 1 0 1345 161540 161540 1345 183.76
0 2890680320 1957520701 0.3228 0.0000 472 1 0 1274 160705 160705 1274 183.77
0 2890680320 1957338922 0.3229 0.0000 472 1 0 1263 160685 160685 1263 183.76
0 2890680320 1957338922 0.3229 0.0000 472 1 0 1263 160685 160685 1263 183.77
0 2890680320 1957338922 0.3229 0.0000 472 1 0 1263 160685 160685 1263 183.75
0 2890680320 1957338922 0.3229 0.0000 472 1 0 1263 160685 160685 1263 183.76
0 2890680320 1957338922 0.3229 0.0000 472 1 0 1263 160685 160685 1263 183.77
0 2890680320 1957338922 0.3229 0.0000 472 1 0 1263 160685 160685 1263 183.76
0 2890680320 1957338922 0.3229 0.0000 472 1 0 1263 160685 160685 1263 183.77
0 2890680320 1957338922 0.3229 0.0000 472 1 0 1263 160685 160685 1263 183.77
0 2890680320 2220513688 0.2318 0.0000 535 0 0 4965 170360 170360 4965 275.64
0 2890680320 2215338690 0.2336 0.0000 534 1 0 5007 169647 169647 5007 275.65
0 2890680320 2214927327 0.2338 0.0000 534 1 0 5010 169590 169590 5010 275.64
0 2890680320 2214917660 0.2338 0.0000 534 1 0 5009 169589 169589 5009 275.65
0 2890680320 2214917660 0.2338 0.0000 534 1 0 5009 169589 169589 5009 275.65
0 2890680320 2214917660 0.2338 0.0000 534 1 0 5009 169589 169589 5009 275.63
0 2890680320 2214917660 0.2338 0.0000 534 1 0 5009 169589 169589 5009 275.64
0 2890680320 2214917660 0.2338 0.0000 534 1 0 5009 169589 169589 5009 275.64
0 2890680320 2214917660 0.2338 0.0000 534 1 0 5009 169589 169589 5009 275.64
0 2890680320 2214917660 0.2338 0.0000 534 1 0 5009 169589 169589 5009 275.64
0 817930240 805420881 0.0153 0.0000 194 0 0 16 58436 58436 16 155.97
0 817930240 805546127 0.0151 0.0000 194 0 0 17 68126 68126 17 155.97
0 817930240 811270059 0.0081 0.0000 196 1 0 16 72664 72664 16 155.98
0 3000000000 2839436800 0.0535 0.0000 684 0 0 1 215837 215837 1 286.06
0 3000000000 2839436800 0.0535 0.0000 684 1 0 1 236872 236872 1 286.06
0 3000000000 2792632832 0.0691 0.0000 673 1 0 1 216426 216426 1 572.09
0 2800568320 2800568320 0.0000 0.0000 675 1 0 0 215385 215385 0 534.00
0 2800568320 2800568320 0.0000 0.0000 674 0 0 0 236964 236964 0 534.07
0 2800568320 2800568320 0.0000 0.0000 675 1 0 0 225242 225242 0 534.05
0 564879360 542460078 0.0397 0.0000 131 0 0 16 38000 38000 16 107.72
0 564879360 542986624 0.0388 0.0000 131 0 0 18 44164 44164 18 107.71
0 564879360 540858627 0.0425 0.0000 131 1 0 17 46675 46675 17 107.72
0 1626669056 1484882701 0.0872 0.0000 358 0 0 107 103074 103074 107 310.20
0 1626669056 1481457624 0.0893 0.0000 357 0 0 115 116648 116648 115 310.18
0 1626669056 1495832133 0.0804 0.0000 361 1 0 107 121235 121235 107 310.21
0 3000000000 2831641551 0.0561 0.0000 683 1 0 410 177579 177579 410 286.06
0 3000000000 2837404709 0.0542 0.0000 684 1 0 396 207777 207777 396 286.07
0 3000000000 2809991687 0.0633 0.0000 677 0 0 417 239735 239735 417 286.07
0 2890680320 2107557414 0.2709 0.0000 508 0 0 1347 140046 140046 1347 275.64
0 2890680320 1957338922 0.3229 0.0000 472 1 0 1263 160685 160685 1263 275.64
0 2890680320 2214917660 0.2338 0.0000 534 1 0 5009 169589 169589 5009 275.64
0 817930240 805420881 0.0153 0.0000 194 0 0 16 58436 58436 16 155.97
0 817930240 805546127 0.0151 0.0000 194 0 0 17 68126 68126 17 155.98
0 817930240 811270059 0.0081 0.0000 196 1 0 16 72664 72664 16 155.98
0 3000000000 2839436800 0.0535 0.0000 684 0 0 1 215837 215837 1 286.06
0 3000000000 2839436800 0.0535 0.0000 684 1 0 1 236872 236872 1 286.06
0 3000000000 2792632832 0.0691 0.0000 673 1 0 1 216426 216426 1 572.07
0 2800568320 2800568320 0.0000 0.0000 675 1 0 0 215385 215385 0 267.04
0 2800568320 2800568320 0.0000 0.0000 674 0 0 0 236964 236964 0 534.02
0 2800568320 2800568320 0.0000 0.0000 675 1 0 0 225242 225242 0 534.01
0 564879360 542460078 0.0397 0.0000 131 0 0 16 38000 38000 16 107.72
0 564879360 542986624 0.0388 0.0000 131 0 0 18 44164 44164 18 107.72
0 564879360 540858627 0.0425 0.0000 131 1 0 17 46675 46675 17 107.72
0 1626669056 1484882701 0.0872 0.0000 358 0 0 107 103074 103074 107 310.18
0 1626669056 1481457624 0.0893 0.0000 357 0 0 115 116648 116648 115 310.20
0 1626669056 1495832133 0.0804 0.0000 361 1 0 107 121235 121235 107 310.19
0 3000000000 2831641551 0.0561 0.0000 683 1 0 410 177579 177579 410 285.97
0 3000000000 2837404709 0.0542 0.0000 684 1 0 396 207777 207777 396 286.06
0 3000000000 2809991687 0.0633 0.0000 677 0 0 417 239735 239735 417 285.98
0 2890680320 2107557414 0.2709 0.0000 508 0 0 1347 140046 140046 1347 275.64
0 2890680320 1957338922 0.3229 0.0000 472 1 0 1263 160685 160685 1263 275.64
0 2890680320 2214917660 0.2338 0.0000 534 1 0 5009 169589 169589 5009 275.64
0 817930240 805420881 0.0153 0.0000 194 0 0 16 58436 58436 16 553.95
0 817930240 805546127 0.0151 0.0000 194 0 0 17 68126 68126 17 530.30
0 817930240 811270059 0.0081 0.0000 196 1 0 16 72664 72664 16 539.93
0 3000000000 2839436800 0.0535 0.0000 684 0 0 1 215837 215837 1 469.14
0 3000000000 2839436800 0.0535 0.0000 684 1 0 1 236872 236872 1 489.73
0 3000000000 2792632832 0.0691 0.0000 673 1 0 1 216426 216426 1 555.62
0 2800568320 2800568320 0.0000 0.0000 675 1 0 0 215385 215385 0 564.43
0 2800568320 2800568320 0.0000 0.0000 674 0 0 0 236964 236964 0 531.36
0 2800568320 2800568320 0.0000 0.0000 675 1 0 0 225242 225242 0 572.55
0 564879360 542460078 0.0397 0.0000 131 0 0 16 38000 38000 16 562.06
0 564879360 542986624 0.0388 0.0000 131 0 0 18 44164 44164 18 512.38
0 564879360 540858627 0.0425 0.0000 131 1 0 17 46675 46675 17 546.34
0 1626669056 1484882701 0.0872 0.0000 358 0 0 107 103074 103074 107 543.07
0 1626669056 1481457624 0.0893 0.0000 357 0 0 115 116648 116648 115 490.78
0 1626669056 1495832133 0.0804 0.0000 361 1 0 107 121235 121235 107 523.02
0 3000000000 2831641551 0.0561 0.0000 683 1 0 410 177579 177579 410 484.37
0 3000000000 2837404709 0.0542 0.0000 684 1 0 396 207777 207777 396 432.64
0 3000000000 2809991687 0.0633 0.0000 677 0 0 417 239735 239735 417 465.30
0 2890680320 2107557414 0.2709 0.0000 508 0 0 1347 140046 140046 1347 494.53
0 2890680320 1957338922 0.3229 0.0000 472 1 0 1263 160685 160685 1263 484.69
0 2890680320 2214917660 0.2338 0.0000 534 1 0 5009 169589 169589 5009 464.99
0 817930240 805420881 0.0153 0.0000 194 0 0 16 58436 58436 16 559.33
0 817930240 806658201 0.0138 0.0000 195 1 0 15 50733 50733 15 449.63
0 817930240 805546127 0.0151 0.0000 194 0 0 17 68126 68126 17 518.40
0 817930240 811270059 0.0081 0.0000 196 1 0 16 72664 72664 16 543.23
0 3000000000 2839436800 0.0535 0.0000 684 0 0 1 215837 215837 1 536.20
0 3000000000 2839436800 0.0535 0.0000 684 0 0 1 195492 195492 1 450.99
0 3000000000 2839436800 0.0535 0.0000 684 1 0 1 236872 236872 1 492.95
0 3000000000 2792632832 0.0691 0.0000 673 1 0 1 216426 216426 1 565.07
0 2800568320 2800568320 0.0000 0.0000 675 1 0 0 215385 215385 0 537.34
0 2800568320 2800568320 0.0000 0.0000 675 0 0 0 198779 198779 0 479.13
0 2800568320 2800568320 0.0000 0.0000 674 0 0 0 236964 236964 0 528.60
0 2800568320 2800568320 0.0000 0.0000 675 1 0 0 225242 225242 0 556.84
0 564879360 542460078 0.0397 0.0000 131 0 0 16 38000 38000 16 550.36
0 564879360 543514392 0.0378 0.0000 131 0 0 16 32812 32812 16 436.36
0 564879360 542986624 0.0388 0.0000 131 0 0 18 44164 44164 18 501.69
0 564879360 540858627 0.0425 0.0000 131 1 0 17 46675 46675 17 544.51
0 1626669056 1484882701 0.0872 0.0000 358 0 0 107 103074 103074 107 529.56
0 1626669056 1487200598 0.0857 0.0000 359 1 0 109 93059 93059 109 443.59
0 1626669056 1481457624 0.0893 0.0000 357 0 0 115 116648 116648 115 483.31
0 1626669056 1495832133 0.0804 0.0000 361 1 0 107 121235 121235 107 518.32
0 3000000000 2831641551 0.0561 0.0000 683 1 0 410 177579 177579 410 494.40
0 3000000000 2836458135 0.0545 0.0000 684 0 0 401 157280 157280 401 409.57
0 3000000000 2837404709 0.0542 0.0000 684 1 0 396 207777 207777 396 445.81
0 3000000000 2809991687 0.0633 0.0000 677 0 0 417 239735 239735 417 454.99
0 2890680320 2107557414 0.2709 0.0000 508 0 0 1347 140046 140046 1347 488.68
0 2890680320 2125597116 0.2647 0.0000 513 1 0 794 124416 124416 794 450.18
0 2890680320 1957338922 0.3229 0.0000 472 1 0 1263 160685 160685 1263 483.00
0 2890680320 2214917660 0.2338 0.0000 534 1 0 5009 169589 169589 5009 450.87
0 817930240 805420881 0.0153 0.0000 194 0 0 16 58436 58436 16 729.56
0 817930240 806658201 0.0138 0.0000 195 1 0 15 50733 50733 15 443.60
0 817930240 805546127 0.0151 0.0000 194 0 0 17 68126 68126 17 500.95
0 817930240 811270059 0.0081 0.0000 196 1 0 16 72664 72664 16 657.61
0 3000000000 2839436800 0.0535 0.0000 684 0 0 1 215837 215837 1 611.17
0 3000000000 2839436800 0.0535 0.0000 684 0 0 1 195492 195492 1 452.33
0 3000000000 2839436800 0.0535 0.0000 684 1 0 1 236872 236872 1 496.46
0 3000000000 2792632832 0.0691 0.0000 673 1 0 1 216426 216426 1 709.72
0 2800568320 2800568320 0.0000 0.0000 675 1 0 0 215385 215385 0 716.23
0 2800568320 2800568320 0.0000 0.0000 675 0 0 0 198779 198779 0 477.75
0 2800568320 2800568320 0.0000 0.0000 674 0 0 0 236964 236964 0 508.09
0 2800568320 2800568320 0.0000 0.0000 675 1 0 0 225242 225242 0 724.34
0 564879360 542460078 0.0397 0.0000 131 0 0 16 38000 38000 16 737.98
0 564879360 543514392 0.0378 0.0000 131 0 0 16 32812 32812 16 425.71
0 564879360 542986624 0.0388 0.0000 131 0 0 18 44164 44164 18 501.04
0 564879360 540858627 0.0425 0.0000 131 1 0 17 46675 46675 17 661.82
0 1626669056 1484882701 0.0872 0.0000 358 0 0 107 103074 103074 107 696.01
0 1626669056 1487200598 0.0857 0.0000 359 1 0 109 93059 93059 109 434.21
0 1626669056 1481457624 0.0893 0.0000 357 0 0 115 116648 116648 115 471.20
0 1626669056 1495832133 0.0804 0.0000 361 1 0 107 121235 121235 107 644.29
0 3000000000 2831641551 0.0561 0.0000 683 1 0 410 177579 177579 410 646.26
0 3000000000 2836458135 0.0545 0.0000 684 0 0 401 157280 157280 401 406.06
0 3000000000 2837404709 0.0542 0.0000 684 1 0 396 207777 207777 396 444.64
0 3000000000 2809991687 0.0633 0.0000 677 0 0 417 239735 239735 417 550.34
0 2890680320 2107557414 0.2709 0.0000 508 0 0 1347 140046 140046 1347 616.32
0 2890680320 2125597116 0.2647 0.0000 513 1 0 794 124416 124416 794 447.97
0 2890680320 1957338922 0.3229 0.0000 472 1 0 1263 160685 160685 1263 473.06
0 2890680320 2214917660 0.2338 0.0000 534 1 0 5009 169589 169589 5009 553.11
0 817930240 805420881 0.0153 0.0000 194 0 0 16 58436 58436 16 807.48
0 817930240 806658201 0.0138 0.0000 195 1 0 15 50733 50733 15 438.54
0 817930240 805546127 0.0151 0.0000 194 0 0 17 68126 68126 17 503.08
0 817930240 811270059 0.0081 0.0000 196 1 0 16 72664 72664 16 794.13
0 3000000000 2839436800 0.0535 0.0000 684 0 0 1 215837 215837 1 812.38
0 3000000000 2839436800 0.0535 0.0000 684 0 0 1 195492 195492 1 451.08
0 3000000000 2839436800 0.0535 0.0000 684 1 0 1 236872 236872 1 489.49
0 3000000000 2792632832 0.0691 0.0000 673 1 0 1 216426 216426 1 827.06
0 2800568320 2800568320 0.0000 0.0000 675 1 0 0 215385 215385 0 811.27
0 2800568320 2800568320 0.0000 0.0000 675 0 0 0 198779 198779 0 467.22
0 2800568320 2800568320 0.0000 0.0000 674 0 0 0 236964 236964 0 511.46
0 2800568320 2800568320 0.0000 0.0000 675 1 0 0 225242 225242 0 821.13
0 564879360 542460078 0.0397 0.0000 131 0 0 16 38000 38000 16 864.64
0 564879360 543514392 0.0378 0.0000 131 0 0 16 32812 32812 16 425.02
0 564879360 542986624 0.0388 0.0000 131 0 0 18 44164 44164 18 497.38
0 564879360 540858627 0.0425 0.0000 131 1 0 17 46675 46675 17 808.66
0 1626669056 1484882701 0.0872 0.0000 358 0 0 107 103074 103074 107 765.28
0 1626669056 1487200598 0.0857 0.0000 359 1 0 109 93059 93059 109 439.07
0 1626669056 1481457624 0.0893 0.0000 357 0 0 115 116648 116648 115 486.95
0 1626669056 1495832133 0.0804 0.0000 361 1 0 107 121235 121235 107 721.10
0 3000000000 2831641551 0.0561 0.0000 683 1 0 410 177579 177579 410 700.36
0 3000000000 2836458135 0.0545 0.0000 684 0 0 401 157280 157280 401 397.25
0 3000000000 2837404709 0.0542 0.0000 684 1 0 396 207777 207777 396 439.58
0 3000000000 2809991687 0.0633 0.0000 677 0 0 417 239735 239735 417 605.37
0 2890680320 2107557414 0.2709 0.0000 508 0 0 1347 140046 140046 1347 696.58
0 2890680320 2125597116 0.2647 0.0000 513 1 0 794 124416 124416 794 436.61
0 2890680320 1957338922 0.3229 0.0000 472 1 0 1263 160685 160685 1263 469.37
0 2890680320 2214917660 0.2338 0.0000 534 1 0 5009 169589 169589 5009 612.34
0 817930240 805420881 0.0153 0.0000 194 0 0 16 58436 58436 16 819.39
0 817930240 806658201 0.0138 0.0000 195 1 0 15 50733 50733 15 442.86
0 817930240 805546127 0.0151 0.0000 194 0 0 17 68126 68126 17 505.55
0 817930240 811270059 0.0081 0.0000 196 1 0 16 72664 72664 16 770.85
0 3000000000 2839436800 0.0535 0.0000 684 0 0 1 215837 215837 1 806.94
0 3000000000 2839436800 0.0535 0.0000 684 0 0 1 195492 195492 1 445.23
0 3000000000 2839436800 0.0535 0.0000 684 1 0 1 236872 236872 1 493.00
0 3000000000 2792632832 0.0691 0.0000 673 1 0 1 216426 216426 1 823.74
0 2800568320 2800568320 0.0000 0.0000 675 1 0 0 215385 215385 0 759.24
0 2800568320 2800568320 0.0000 0.0000 675 0 0 0 198779 198779 0 463.55
0 2800568320 2800568320 0.0000 0.0000 674 0 0 0 236964 236964 0 509.64
0 2800568320 2800568320 0.0000 0.0000 675 1 0 0 225242 225242 0 830.77
0 564879360 542460078 0.0397 0.0000 131 0 0 16 38000 38000 16 856.84
0 564879360 543514392 0.0378 0.0000 131 0 0 16 32812 32812 16 431.56
0 564879360 542986624 0.0388 0.0000 131 0 0 18 44164 44164 18 496.46
0 564879360 540858627 0.0425 0.0000 131 1 0 17 46675 46675 17 807.00
0 1626669056 1484882701 0.0872 0.0000 358 0 0 107 103074 103074 107 769.32
0 1626669056 1487200598 0.0857 0.0000 359 1 0 109 93059 93059 109 441.64
0 1626669056 1481457624 0.0893 0.0000 357 0 0 115 116648 116648 115 471.60
0 1626669056 1495832133 0.0804 0.0000 361 1 0 107 121235 121235 107 724.02
0 3000000000 2831641551 0.0561 0.0000 683 1 0 410 177579 177579 410 714.90
0 3000000000 2836458135 0.0545 0.0000 684 0 0 401 157280 157280 401 404.39
0 3000000000 2837404709 0.0542 0.0000 684 1 0 396 207777 207777 396 441.08
0 3000000000 2809991687 0.0633 0.0000 677 0 0 417 239735 239735 417 621.19
0 2890680320 2107557414 0.2709 0.0000 508 0 0 1347 140046 140046 1347 695.41
0 2890680320 2125597116 0.2647 0.0000 513 1 0 794 124416 124416 794 442.24
0 2890680320 1957338922 0.3229 0.0000 472 1 0 1263 160685 160685 1263 473.01
0 2890680320 2214917660 0.2338 0.0000 534 1 0 5009 169589 169589 5009 614.98
0 817930240 805420881 0.0153 0.0000 194 0 0 16 58436 58436 16 828.98
0 817930240 806658201 0.0138 0.0000 195 1 0 15 50733 50733 15 446.47
0 817930240 805546127 0.0151 0.0000 194 0 0 17 68126 68126 17 505.65
0 817930240 812847460 0.0062 0.0000 196 0 0 10 46756 46756 10 589.05
0 3000000000 2839436800 0.0535 0.0000 684 0 0 1 215837 215837 1 810.51
0 3000000000 2839436800 0.0535 0.0000 684 0 0 1 195492 195492 1 447.75
0 3000000000 2839436800 0.0535 0.0000 684 1 0 1 236872 236872 1 489.13
0 3000000000 3000000000 0.0000 0.0000 725 0 0 0 214332 214332 0 591.29
0 2800568320 2800568320 0.0000 0.0000 675 1 0 0 215385 215385 0 813.70
0 2800568320 2800568320 0.0000 0.0000 675 0 0 0 198779 198779 0 462.51
0 2800568320 2800568320 0.0000 0.0000 674 0 0 0 236964 236964 0 499.98
0 2800568320 2800568320 0.0000 0.0000 675 1 0 0 223713 223713 0 566.95
0 564879360 542460078 0.0397 0.0000 131 0 0 16 38000 38000 16 842.07
0 564879360 543514392 0.0378 0.0000 131 0 0 16 32812 32812 16 432.76
0 564879360 542986624 0.0388 0.0000 131 0 0 18 44164 44164 18 498.26
0 564879360 546289850 0.0329 0.0000 133 1 0 16 26981 26981 16 574.16
0 1626669056 1484882701 0.0872 0.0000 358 0 0 107 103074 103074 107 761.74
0 1626669056 1487200598 0.0857 0.0000 359 1 0 109 93059 93059 109 444.70
0 1626669056 1481457624 0.0893 0.0000 357 0 0 115 116648 116648 115 478.99
0 1626669056 1534259826 0.0568 0.0000 372 1 0 102 76868 76868 102 585.33
0 3000000000 2831641551 0.0561 0.0000 683 1 0 410 177579 177579 410 705.30
0 3000000000 2836458135 0.0545 0.0000 684 0 0 401 157280 157280 401 410.86
0 3000000000 2837404709 0.0542 0.0000 684 1 0 396 207777 207777 396 440.68
0 3000000000 2883486747 0.0388 0.0000 705 1 0 305 99902 99902 305 605.73
0 2890680320 2107557414 0.2709 0.0000 508 0 0 1347 140046 140046 1347 695.71
0 2890680320 2125597116 0.2647 0.0000 513 1 0 794 124416 124416 794 447.71
0 2890680320 1957338922 0.3229 0.0000 472 1 0 1263 160685 160685 1263 481.27
0 2890680320 2119389423 0.2668 0.0000 511 1 0 5169 149683 149683 5169 497.18
0 817930240 805430763 0.0153 0.0000 194 0 0 15 66477 66477 15 810.56
0 817930240 806658201 0.0138 0.0000 195 1 0 15 50733 50733 15 443.10
0 817930240 805546127 0.0151 0.0000 194 0 0 17 68126 68126 17 515.19
0 817930240 812847460 0.0062 0.0000 196 0 0 10 46756 46756 10 582.60
0 3000000000 2839436800 0.0535 0.0000 684 1 0 1 236930 236930 1 791.74
0 3000000000 2839436800 0.0535 0.0000 684 0 0 1 195492 195492 1 447.67
0 3000000000 2839436800 0.0535 0.0000 684 1 0 1 236872 236872 1 486.14
0 3000000000 3000000000 0.0000 0.0000 725 0 0 0 214332 214332 0 601.61
0 2800568320 2800568320 0.0000 0.0000 674 0 0 0 236717 236717 0 757.17
0 2800568320 2800568320 0.0000 0.0000 675 0 0 0 198779 198779 0 465.83
0 2800568320 2800568320 0.0000 0.0000 674 0 0 0 236964 236964 0 514.84
0 2800568320 2800568320 0.0000 0.0000 675 1 0 0 223713 223713 0 578.28
0 564879360 542375656 0.0398 0.0000 131 0 0 17 43074 43074 17 807.98
0 564879360 543514392 0.0378 0.0000 131 0 0 16 32812 32812 16 441.41
0 564879360 542986624 0.0388 0.0000 131 0 0 18 44164 44164 18 482.52
0 564879360 546289850 0.0329 0.0000 133 1 0 16 26981 26981 16 590.57
0 1626669056 1484156456 0.0876 0.0000 358 1 0 110 116103 116103 110 732.30
0 1626669056 1487200598 0.0857 0.0000 359 1 0 109 93059 93059 109 381.76
0 1626669056 1481457624 0.0893 0.0000 357 0 0 115 116648 116648 115 480.92
0 1626669056 1534259826 0.0568 0.0000 372 1 0 102 76868 76868 102 591.03
0 3000000000 2835981533 0.0547 0.0000 683 0 0 386 204746 204746 386 670.67
0 3000000000 2836458135 0.0545 0.0000 684 0 0 401 157280 157280 401 407.15
0 3000000000 2837404709 0.0542 0.0000 684 1 0 396 207777 207777 396 438.46
0 3000000000 2883486747 0.0388 0.0000 705 1 0 305 99902 99902 305 603.35
0 2890680320 1920352276 0.3357 0.0000 463 1 0 1820 156641 156641 1820 667.65
0 2890680320 2125597116 0.2647 0.0000 513 1 0 794 124416 124416 794 446.06
0 2890680320 1957338922 0.3229 0.0000 472 1 0 1263 160685 160685 1263 477.34
0 2890680320 2119389423 0.2668 0.0000 511 1 0 5169 149683 149683 5169 511.10
0 817930240 805430763 0.0153 0.0000 194 0 0 15 66477 66477 15 800.21
0 817930240 806658201 0.0138 0.0000 195 1 0 15 50733 50733 15 441.48
0 817930240 805546127 0.0151 0.0000 194 0 0 17 68126 68126 17 513.70
0 817930240 811270059 0.0081 0.0000 196 1 0 16 72664 72664 16 794.88
0 3000000000 2839436800 0.0535 0.0000 684 1 0 1 236930 236930 1 766.10
0 3000000000 2839436800 0.0535 0.0000 684 0 0 1 195492 195492 1 449.83
0 3000000000 2839436800 0.0535 0.0000 684 1 0 1 236872 236872 1 495.69
0 3000000000 2792632832 0.0691 0.0000 673 1 0 1 216426 216426 1 826.01
0 2800568320 2800568320 0.0000 0.0000 674 0 0 0 236717 236717 0 774.50
0 2800568320 2800568320 0.0000 0.0000 675 0 0 0 198779 198779 0 465.00
0 2800568320 2800568320 0.0000 0.0000 674 0 0 0 236964 236964 0 513.95
0 2800568320 2800568320 0.0000 0.0000 675 1 0 0 225242 225242 0 860.48
0 564879360 542375656 0.0398 0.0000 131 0 0 17 43074 43074 17 792.93
0 564879360 543514392 0.0378 0.0000 131 0 0 16 32812 32812 16 432.38
0 564879360 542986624 0.0388 0.0000 131 0 0 18 44164 44164 18 487.28
0 564879360 540858627 0.0425 0.0000 131 1 0 17 46675 46675 17 770.40
0 1626669056 1484156456 0.0876 0.0000 358 1 0 110 116103 116103 110 756.05
0 1626669056 1487200598 0.0857 0.0000 359 1 0 109 93059 93059 109 436.89
0 1626669056 1481457624 0.0893 0.0000 357 0 0 115 116648 116648 115 476.61
0 1626669056 1495832133 0.0804 0.0000 361 1 0 107 121235 121235 107 723.47
0 3000000000 2835981533 0.0547 0.0000 683 0 0 386 204746 204746 386 670.95
0 3000000000 2836458135 0.0545 0.0000 684 0 0 401 157280 157280 401 408.20
0 3000000000 2837404709 0.0542 0.0000 684 1 0 396 207777 207777 396 436.06
0 3000000000 2809991687 0.0633 0.0000 677 0 0 415 239735 239735 415 620.88
0 2890680320 1920352276 0.3357 0.0000 463 1 0 1820 156641 156641 1820 659.03
0 2890680320 2125597116 0.2647 0.0000 513 1 0 794 124416 124416 794 446.55
0 2890680320 1957338922 0.3229 0.0000 472 1 0 1263 160685 160685 1263 482.21
0 2890680320 2214917660 0.2338 0.0000 534 1 0 5009 169589 169589 5009 611.35
